# JRE version: Java(TM) SE Runtime Environment (8.0_40-b26) (build 1.8.0_40-b26)
# Java VM: Java HotSpot(TM) 64-Bit Server VM (25.40-b25 mixed mode bsd-amd64 compressed oops)
Heap:
 PSYoungGen      total 141824K, used 125175K [0x000000076ab00000, 0x000000077b400000, 0x00000007c0000000)
  eden space 131072K, 93% used [0x000000076ab00000,0x000000077224cd40,0x0000000772b00000)
  from space 10752K, 28% used [0x0000000773580000,0x0000000773870f08,0x0000000774000000)
  to   space 10752K, 0% used [0x0000000772b00000,0x0000000772b00000,0x0000000773580000)
 ParOldGen       total 175104K, used 40K [0x00000006c0000000, 0x00000006cab00000, 0x000000076ab00000)
  object space 175104K, 0% used [0x00000006c0000000,0x00000006c000a000,0x00000006cab00000)
 Metaspace       used 11885K, capacity 12036K, committed 12288K, reserved 1060864K
  class space    used 1418K, capacity 1474K, committed 1536K, reserved 1048576K
GC Heap History (8 events):
Event: 0.691 GC heap before
{Heap before GC invocations=1 (full 0):
 PSYoungGen      total 76288K, used 65536K [0x000000076ab00000, 0x0000000770000000, 0x00000007c0000000)
  eden space 65536K, 100% used [0x000000076ab00000,0x000000076eb00000,0x000000076eb00000)
  from space 10752K, 0% used [0x000000076f580000,0x000000076f580000,0x0000000770000000)
  to   space 10752K, 0% used [0x000000076eb00000,0x000000076eb00000,0x000000076f580000)
 ParOldGen       total 175104K, used 0K [0x00000006c0000000, 0x00000006cab00000, 0x000000076ab00000)
  object space 175104K, 0% used [0x00000006c0000000,0x00000006c0000000,0x00000006cab00000)
 Metaspace       used 8764K, capacity 8994K, committed 9088K, reserved 1056768K
  class space    used 1036K, capacity 1121K, committed 1152K, reserved 1048576K
Event: 0.699 GC heap after
Heap after GC invocations=1 (full 0):
 PSYoungGen      total 76288K, used 5415K [0x000000076ab00000, 0x0000000774000000, 0x00000007c0000000)
  eden space 65536K, 0% used [0x000000076ab00000,0x000000076ab00000,0x000000076eb00000)
  from space 10752K, 50% used [0x000000076eb00000,0x000000076f049f88,0x000000076f580000)
  to   space 10752K, 0% used [0x0000000773580000,0x0000000773580000,0x0000000774000000)
 ParOldGen       total 175104K, used 16K [0x00000006c0000000, 0x00000006cab00000, 0x000000076ab00000)
  object space 175104K, 0% used [0x00000006c0000000,0x00000006c0004000,0x00000006cab00000)
 Metaspace       used 8764K, capacity 8994K, committed 9088K, reserved 1056768K
  class space    used 1036K, capacity 1121K, committed 1152K, reserved 1048576K
}
Event: 5.482 GC heap before
{Heap before GC invocations=2 (full 0):
 PSYoungGen      total 76288K, used 70951K [0x000000076ab00000, 0x0000000774000000, 0x00000007c0000000)
  eden space 65536K, 100% used [0x000000076ab00000,0x000000076eb00000,0x000000076eb00000)
  from space 10752K, 50% used [0x000000076eb00000,0x000000076f049f88,0x000000076f580000)
  to   space 10752K, 0% used [0x0000000773580000,0x0000000773580000,0x0000000774000000)
 ParOldGen       total 175104K, used 16K [0x00000006c0000000, 0x00000006cab00000, 0x000000076ab00000)
  object space 175104K, 0% used [0x00000006c0000000,0x00000006c0004000,0x00000006cab00000)
 Metaspace       used 11638K, capacity 11748K, committed 12032K, reserved 1060864K
  class space    used 1386K, capacity 1442K, committed 1536K, reserved 1048576K
Event: 5.487 GC heap after
Heap after GC invocations=2 (full 0):
 PSYoungGen      total 70144K, used 4186K [0x000000076ab00000, 0x0000000773a00000, 0x00000007c0000000)
  eden space 65536K, 0% used [0x000000076ab00000,0x000000076ab00000,0x000000076eb00000)
  from space 4608K, 90% used [0x0000000773580000,0x0000000773996868,0x0000000773a00000)
  to   space 10752K, 0% used [0x0000000772500000,0x0000000772500000,0x0000000772f80000)
 ParOldGen       total 175104K, used 24K [0x00000006c0000000, 0x00000006cab00000, 0x000000076ab00000)
  object space 175104K, 0% used [0x00000006c0000000,0x00000006c0006000,0x00000006cab00000)
 Metaspace       used 11638K, capacity 11748K, committed 12032K, reserved 1060864K
  class space    used 1386K, capacity 1442K, committed 1536K, reserved 1048576K
}
Event: 5.521 GC heap before
{Heap before GC invocations=3 (full 0):
 PSYoungGen      total 70144K, used 69713K [0x000000076ab00000, 0x0000000773a00000, 0x00000007c0000000)
  eden space 65536K, 99% used [0x000000076ab00000,0x000000076eafdbd8,0x000000076eb00000)
  from space 4608K, 90% used [0x0000000773580000,0x0000000773996868,0x0000000773a00000)
  to   space 10752K, 0% used [0x0000000772500000,0x0000000772500000,0x0000000772f80000)
 ParOldGen       total 175104K, used 24K [0x00000006c0000000, 0x00000006cab00000, 0x000000076ab00000)
  object space 175104K, 0% used [0x00000006c0000000,0x00000006c0006000,0x00000006cab00000)
 Metaspace       used 11703K, capacity 11876K, committed 12032K, reserved 1060864K
  class space    used 1396K, capacity 1442K, committed 1536K, reserved 1048576K
Event: 5.525 GC heap after
Heap after GC invocations=3 (full 0):
 PSYoungGen      total 135680K, used 3068K [0x000000076ab00000, 0x0000000774000000, 0x00000007c0000000)
  eden space 124928K, 0% used [0x000000076ab00000,0x000000076ab00000,0x0000000772500000)
  from space 10752K, 28% used [0x0000000772500000,0x00000007727ff350,0x0000000772f80000)
  to   space 10752K, 0% used [0x0000000773580000,0x0000000773580000,0x0000000774000000)
 ParOldGen       total 175104K, used 32K [0x00000006c0000000, 0x00000006cab00000, 0x000000076ab00000)
  object space 175104K, 0% used [0x00000006c0000000,0x00000006c0008000,0x00000006cab00000)
 Metaspace       used 11703K, capacity 11876K, committed 12032K, reserved 1060864K
  class space    used 1396K, capacity 1442K, committed 1536K, reserved 1048576K
}
Event: 5.607 GC heap before
{Heap before GC invocations=4 (full 0):
 PSYoungGen      total 135680K, used 127996K [0x000000076ab00000, 0x0000000774000000, 0x00000007c0000000)
  eden space 124928K, 100% used [0x000000076ab00000,0x0000000772500000,0x0000000772500000)
  from space 10752K, 28% used [0x0000000772500000,0x00000007727ff350,0x0000000772f80000)
  to   space 10752K, 0% used [0x0000000773580000,0x0000000773580000,0x0000000774000000)
 ParOldGen       total 175104K, used 32K [0x00000006c0000000, 0x00000006cab00000, 0x000000076ab00000)
  object space 175104K, 0% used [0x00000006c0000000,0x00000006c0008000,0x00000006cab00000)
 Metaspace       used 11824K, capacity 12036K, committed 12288K, reserved 1060864K
  class space    used 1414K, capacity 1474K, committed 1536K, reserved 1048576K
Event: 5.610 GC heap after
Heap after GC invocations=4 (full 0):
 PSYoungGen      total 141824K, used 3011K [0x000000076ab00000, 0x000000077b400000, 0x00000007c0000000)
  eden space 131072K, 0% used [0x000000076ab00000,0x000000076ab00000,0x0000000772b00000)
  from space 10752K, 28% used [0x0000000773580000,0x0000000773870f08,0x0000000774000000)
  to   space 10752K, 0% used [0x0000000772b00000,0x0000000772b00000,0x0000000773580000)
 ParOldGen       total 175104K, used 40K [0x00000006c0000000, 0x00000006cab00000, 0x000000076ab00000)
  object space 175104K, 0% used [0x00000006c0000000,0x00000006c000a000,0x00000006cab00000)
 Metaspace       used 11824K, capacity 12036K, committed 12288K, reserved 1060864K
  class space    used 1414K, capacity 1474K, committed 1536K, reserved 1048576K
}

