# JRE version: Java(TM) SE Runtime Environment (8.0_40-b26) (build 1.8.0_40-b26)
# Java VM: Java HotSpot(TM) 64-Bit Server VM (25.40-b25 mixed mode bsd-amd64 compressed oops)
Heap:
 PSYoungGen      total 141824K, used 118856K [0x000000076ab00000, 0x000000077b400000, 0x00000007c0000000)
  eden space 131072K, 88% used [0x000000076ab00000,0x0000000771c26000,0x0000000772b00000)
  from space 10752K, 27% used [0x0000000773580000,0x000000077386c350,0x0000000774000000)
  to   space 10752K, 0% used [0x0000000772b00000,0x0000000772b00000,0x0000000773580000)
 ParOldGen       total 175104K, used 40K [0x00000006c0000000, 0x00000006cab00000, 0x000000076ab00000)
  object space 175104K, 0% used [0x00000006c0000000,0x00000006c000a000,0x00000006cab00000)
 Metaspace       used 11843K, capacity 12032K, committed 12288K, reserved 1060864K
  class space    used 1424K, capacity 1474K, committed 1536K, reserved 1048576K
GC Heap History (8 events):
Event: 0.662 GC heap before
{Heap before GC invocations=1 (full 0):
 PSYoungGen      total 76288K, used 65536K [0x000000076ab00000, 0x0000000770000000, 0x00000007c0000000)
  eden space 65536K, 100% used [0x000000076ab00000,0x000000076eb00000,0x000000076eb00000)
  from space 10752K, 0% used [0x000000076f580000,0x000000076f580000,0x0000000770000000)
  to   space 10752K, 0% used [0x000000076eb00000,0x000000076eb00000,0x000000076f580000)
 ParOldGen       total 175104K, used 0K [0x00000006c0000000, 0x00000006cab00000, 0x000000076ab00000)
  object space 175104K, 0% used [0x00000006c0000000,0x00000006c0000000,0x00000006cab00000)
 Metaspace       used 9241K, capacity 9374K, committed 9472K, reserved 1056768K
  class space    used 1123K, capacity 1185K, committed 1280K, reserved 1048576K
Event: 0.670 GC heap after
Heap after GC invocations=1 (full 0):
 PSYoungGen      total 76288K, used 5539K [0x000000076ab00000, 0x0000000774000000, 0x00000007c0000000)
  eden space 65536K, 0% used [0x000000076ab00000,0x000000076ab00000,0x000000076eb00000)
  from space 10752K, 51% used [0x000000076eb00000,0x000000076f068c88,0x000000076f580000)
  to   space 10752K, 0% used [0x0000000773580000,0x0000000773580000,0x0000000774000000)
 ParOldGen       total 175104K, used 16K [0x00000006c0000000, 0x00000006cab00000, 0x000000076ab00000)
  object space 175104K, 0% used [0x00000006c0000000,0x00000006c0004000,0x00000006cab00000)
 Metaspace       used 9241K, capacity 9374K, committed 9472K, reserved 1056768K
  class space    used 1123K, capacity 1185K, committed 1280K, reserved 1048576K
}
Event: 5.489 GC heap before
{Heap before GC invocations=2 (full 0):
 PSYoungGen      total 76288K, used 71075K [0x000000076ab00000, 0x0000000774000000, 0x00000007c0000000)
  eden space 65536K, 100% used [0x000000076ab00000,0x000000076eb00000,0x000000076eb00000)
  from space 10752K, 51% used [0x000000076eb00000,0x000000076f068c88,0x000000076f580000)
  to   space 10752K, 0% used [0x0000000773580000,0x0000000773580000,0x0000000774000000)
 ParOldGen       total 175104K, used 16K [0x00000006c0000000, 0x00000006cab00000, 0x000000076ab00000)
  object space 175104K, 0% used [0x00000006c0000000,0x00000006c0004000,0x00000006cab00000)
 Metaspace       used 11636K, capacity 11808K, committed 12032K, reserved 1060864K
  class space    used 1394K, capacity 1442K, committed 1536K, reserved 1048576K
Event: 5.494 GC heap after
Heap after GC invocations=2 (full 0):
 PSYoungGen      total 70144K, used 4098K [0x000000076ab00000, 0x0000000773a00000, 0x00000007c0000000)
  eden space 65536K, 0% used [0x000000076ab00000,0x000000076ab00000,0x000000076eb00000)
  from space 4608K, 88% used [0x0000000773580000,0x0000000773980a98,0x0000000773a00000)
  to   space 10752K, 0% used [0x0000000772500000,0x0000000772500000,0x0000000772f80000)
 ParOldGen       total 175104K, used 24K [0x00000006c0000000, 0x00000006cab00000, 0x000000076ab00000)
  object space 175104K, 0% used [0x00000006c0000000,0x00000006c0006000,0x00000006cab00000)
 Metaspace       used 11636K, capacity 11808K, committed 12032K, reserved 1060864K
  class space    used 1394K, capacity 1442K, committed 1536K, reserved 1048576K
}
Event: 5.526 GC heap before
{Heap before GC invocations=3 (full 0):
 PSYoungGen      total 70144K, used 69634K [0x000000076ab00000, 0x0000000773a00000, 0x00000007c0000000)
  eden space 65536K, 100% used [0x000000076ab00000,0x000000076eb00000,0x000000076eb00000)
  from space 4608K, 88% used [0x0000000773580000,0x0000000773980a98,0x0000000773a00000)
  to   space 10752K, 0% used [0x0000000772500000,0x0000000772500000,0x0000000772f80000)
 ParOldGen       total 175104K, used 24K [0x00000006c0000000, 0x00000006cab00000, 0x000000076ab00000)
  object space 175104K, 0% used [0x00000006c0000000,0x00000006c0006000,0x00000006cab00000)
 Metaspace       used 11760K, capacity 11904K, committed 12032K, reserved 1060864K
  class space    used 1419K, capacity 1474K, committed 1536K, reserved 1048576K
Event: 5.530 GC heap after
Heap after GC invocations=3 (full 0):
 PSYoungGen      total 135680K, used 3207K [0x000000076ab00000, 0x0000000774000000, 0x00000007c0000000)
  eden space 124928K, 0% used [0x000000076ab00000,0x000000076ab00000,0x0000000772500000)
  from space 10752K, 29% used [0x0000000772500000,0x0000000772821e38,0x0000000772f80000)
  to   space 10752K, 0% used [0x0000000773580000,0x0000000773580000,0x0000000774000000)
 ParOldGen       total 175104K, used 32K [0x00000006c0000000, 0x00000006cab00000, 0x000000076ab00000)
  object space 175104K, 0% used [0x00000006c0000000,0x00000006c0008000,0x00000006cab00000)
 Metaspace       used 11760K, capacity 11904K, committed 12032K, reserved 1060864K
  class space    used 1419K, capacity 1474K, committed 1536K, reserved 1048576K
}
Event: 5.606 GC heap before
{Heap before GC invocations=4 (full 0):
 PSYoungGen      total 135680K, used 128135K [0x000000076ab00000, 0x0000000774000000, 0x00000007c0000000)
  eden space 124928K, 100% used [0x000000076ab00000,0x0000000772500000,0x0000000772500000)
  from space 10752K, 29% used [0x0000000772500000,0x0000000772821e38,0x0000000772f80000)
  to   space 10752K, 0% used [0x0000000773580000,0x0000000773580000,0x0000000774000000)
 ParOldGen       total 175104K, used 32K [0x00000006c0000000, 0x00000006cab00000, 0x000000076ab00000)
  object space 175104K, 0% used [0x00000006c0000000,0x00000006c0008000,0x00000006cab00000)
 Metaspace       used 11781K, capacity 11904K, committed 12032K, reserved 1060864K
  class space    used 1420K, capacity 1474K, committed 1536K, reserved 1048576K
Event: 5.614 GC heap after
Heap after GC invocations=4 (full 0):
 PSYoungGen      total 141824K, used 2992K [0x000000076ab00000, 0x000000077b400000, 0x00000007c0000000)
  eden space 131072K, 0% used [0x000000076ab00000,0x000000076ab00000,0x0000000772b00000)
  from space 10752K, 27% used [0x0000000773580000,0x000000077386c350,0x0000000774000000)
  to   space 10752K, 0% used [0x0000000772b00000,0x0000000772b00000,0x0000000773580000)
 ParOldGen       total 175104K, used 40K [0x00000006c0000000, 0x00000006cab00000, 0x000000076ab00000)
  object space 175104K, 0% used [0x00000006c0000000,0x00000006c000a000,0x00000006cab00000)
 Metaspace       used 11781K, capacity 11904K, committed 12032K, reserved 1060864K
  class space    used 1420K, capacity 1474K, committed 1536K, reserved 1048576K
}

