# JRE version: Java(TM) SE Runtime Environment (8.0_40-b26) (build 1.8.0_40-b26)
# Java VM: Java HotSpot(TM) 64-Bit Server VM (25.40-b25 mixed mode bsd-amd64 compressed oops)
Heap:
 PSYoungGen      total 928256K, used 273574K [0x000000076ab00000, 0x00000007c0000000, 0x00000007c0000000)
  eden space 462336K, 9% used [0x000000076ab00000,0x000000076d3e0348,0x0000000786e80000)
  from space 465920K, 49% used [0x00000007a3580000,0x00000007b17c97e8,0x00000007bfc80000)
  to   space 465920K, 0% used [0x0000000786e80000,0x0000000786e80000,0x00000007a3580000)
 ParOldGen       total 2629120K, used 1816869K [0x00000006c0000000, 0x0000000760780000, 0x000000076ab00000)
  object space 2629120K, 69% used [0x00000006c0000000,0x000000072ee49510,0x0000000760780000)
 Metaspace       used 11943K, capacity 12100K, committed 12288K, reserved 1060864K
  class space    used 1407K, capacity 1474K, committed 1536K, reserved 1048576K
GC Heap History (10 events):
Event: 15.074 GC heap before
{Heap before GC invocations=17 (full 3):
 PSYoungGen      total 729088K, used 576181K [0x000000076ab00000, 0x00000007b9380000, 0x00000007c0000000)
  eden space 263168K, 100% used [0x000000076ab00000,0x000000077ac00000,0x000000077ac00000)
  from space 465920K, 67% used [0x000000077ac00000,0x000000078ddad7c8,0x0000000797300000)
  to   space 465920K, 0% used [0x000000079cc80000,0x000000079cc80000,0x00000007b9380000)
 ParOldGen       total 1224192K, used 943909K [0x00000006c0000000, 0x000000070ab80000, 0x000000076ab00000)
  object space 1224192K, 77% used [0x00000006c0000000,0x00000006f99c96b8,0x000000070ab80000)
 Metaspace       used 11908K, capacity 12100K, committed 12288K, reserved 1060864K
  class space    used 1401K, capacity 1474K, committed 1536K, reserved 1048576K
Event: 15.762 GC heap after
Heap after GC invocations=17 (full 3):
 PSYoungGen      total 820736K, used 404661K [0x000000076ab00000, 0x00000007b9c00000, 0x00000007c0000000)
  eden space 354816K, 0% used [0x000000076ab00000,0x000000076ab00000,0x0000000780580000)
  from space 465920K, 86% used [0x000000079cc80000,0x00000007b57ad770,0x00000007b9380000)
  to   space 465920K, 0% used [0x0000000780580000,0x0000000780580000,0x000000079cc80000)
 ParOldGen       total 1224192K, used 1076127K [0x00000006c0000000, 0x000000070ab80000, 0x000000076ab00000)
  object space 1224192K, 87% used [0x00000006c0000000,0x0000000701ae7e10,0x000000070ab80000)
 Metaspace       used 11908K, capacity 12100K, committed 12288K, reserved 1060864K
  class space    used 1401K, capacity 1474K, committed 1536K, reserved 1048576K
}
Event: 15.762 GC heap before
{Heap before GC invocations=18 (full 4):
 PSYoungGen      total 820736K, used 404661K [0x000000076ab00000, 0x00000007b9c00000, 0x00000007c0000000)
  eden space 354816K, 0% used [0x000000076ab00000,0x000000076ab00000,0x0000000780580000)
  from space 465920K, 86% used [0x000000079cc80000,0x00000007b57ad770,0x00000007b9380000)
  to   space 465920K, 0% used [0x0000000780580000,0x0000000780580000,0x000000079cc80000)
 ParOldGen       total 1224192K, used 1076127K [0x00000006c0000000, 0x000000070ab80000, 0x000000076ab00000)
  object space 1224192K, 87% used [0x00000006c0000000,0x0000000701ae7e10,0x000000070ab80000)
 Metaspace       used 11908K, capacity 12100K, committed 12288K, reserved 1060864K
  class space    used 1401K, capacity 1474K, committed 1536K, reserved 1048576K
Event: 21.925 GC heap after
Heap after GC invocations=18 (full 4):
 PSYoungGen      total 820736K, used 250175K [0x000000076ab00000, 0x00000007b9c00000, 0x00000007c0000000)
  eden space 354816K, 0% used [0x000000076ab00000,0x000000076ab00000,0x0000000780580000)
  from space 465920K, 53% used [0x000000079cc80000,0x00000007ac0cfc00,0x00000007b9380000)
  to   space 465920K, 0% used [0x0000000780580000,0x0000000780580000,0x000000079cc80000)
 ParOldGen       total 1817088K, used 1223794K [0x00000006c0000000, 0x000000072ee80000, 0x000000076ab00000)
  object space 1817088K, 67% used [0x00000006c0000000,0x000000070ab1ca30,0x000000072ee80000)
 Metaspace       used 11908K, capacity 12100K, committed 12288K, reserved 1060864K
  class space    used 1401K, capacity 1474K, committed 1536K, reserved 1048576K
}
Event: 22.173 GC heap before
{Heap before GC invocations=19 (full 4):
 PSYoungGen      total 820736K, used 604991K [0x000000076ab00000, 0x00000007b9c00000, 0x00000007c0000000)
  eden space 354816K, 100% used [0x000000076ab00000,0x0000000780580000,0x0000000780580000)
  from space 465920K, 53% used [0x000000079cc80000,0x00000007ac0cfc00,0x00000007b9380000)
  to   space 465920K, 0% used [0x0000000780580000,0x0000000780580000,0x000000079cc80000)
 ParOldGen       total 1817088K, used 1223794K [0x00000006c0000000, 0x000000072ee80000, 0x000000076ab00000)
  object space 1817088K, 67% used [0x00000006c0000000,0x000000070ab1ca30,0x000000072ee80000)
 Metaspace       used 11913K, capacity 12100K, committed 12288K, reserved 1060864K
  class space    used 1401K, capacity 1474K, committed 1536K, reserved 1048576K
Event: 22.987 GC heap after
Heap after GC invocations=19 (full 4):
 PSYoungGen      total 820736K, used 301568K [0x000000076ab00000, 0x00000007bfc80000, 0x00000007c0000000)
  eden space 354816K, 0% used [0x000000076ab00000,0x000000076ab00000,0x0000000780580000)
  from space 465920K, 64% used [0x0000000780580000,0x0000000792c00000,0x000000079cc80000)
  to   space 465920K, 0% used [0x00000007a3580000,0x00000007a3580000,0x00000007bfc80000)
 ParOldGen       total 1817088K, used 1474938K [0x00000006c0000000, 0x000000072ee80000, 0x000000076ab00000)
  object space 1817088K, 81% used [0x00000006c0000000,0x000000071a05ea30,0x000000072ee80000)
 Metaspace       used 11913K, capacity 12100K, committed 12288K, reserved 1060864K
  class space    used 1401K, capacity 1474K, committed 1536K, reserved 1048576K
}
Event: 23.472 GC heap before
{Heap before GC invocations=20 (full 4):
 PSYoungGen      total 820736K, used 656384K [0x000000076ab00000, 0x00000007bfc80000, 0x00000007c0000000)
  eden space 354816K, 100% used [0x000000076ab00000,0x0000000780580000,0x0000000780580000)
  from space 465920K, 64% used [0x0000000780580000,0x0000000792c00000,0x000000079cc80000)
  to   space 465920K, 0% used [0x00000007a3580000,0x00000007a3580000,0x00000007bfc80000)
 ParOldGen       total 1817088K, used 1474938K [0x00000006c0000000, 0x000000072ee80000, 0x000000076ab00000)
  object space 1817088K, 81% used [0x00000006c0000000,0x000000071a05ea30,0x000000072ee80000)
 Metaspace       used 11915K, capacity 12100K, committed 12288K, reserved 1060864K
  class space    used 1401K, capacity 1474K, committed 1536K, reserved 1048576K
Event: 24.402 GC heap after
Heap after GC invocations=20 (full 4):
 PSYoungGen      total 928256K, used 280687K [0x000000076ab00000, 0x00000007c0000000, 0x00000007c0000000)
  eden space 462336K, 0% used [0x000000076ab00000,0x000000076ab00000,0x0000000786e80000)
  from space 465920K, 60% used [0x00000007a3580000,0x00000007b479be40,0x00000007bfc80000)
  to   space 465920K, 0% used [0x0000000786e80000,0x0000000786e80000,0x00000007a3580000)
 ParOldGen       total 1817088K, used 1776338K [0x00000006c0000000, 0x000000072ee80000, 0x000000076ab00000)
  object space 1817088K, 97% used [0x00000006c0000000,0x000000072c6b4a30,0x000000072ee80000)
 Metaspace       used 11915K, capacity 12100K, committed 12288K, reserved 1060864K
  class space    used 1401K, capacity 1474K, committed 1536K, reserved 1048576K
}
Event: 24.402 GC heap before
{Heap before GC invocations=21 (full 5):
 PSYoungGen      total 928256K, used 280687K [0x000000076ab00000, 0x00000007c0000000, 0x00000007c0000000)
  eden space 462336K, 0% used [0x000000076ab00000,0x000000076ab00000,0x0000000786e80000)
  from space 465920K, 60% used [0x00000007a3580000,0x00000007b479be40,0x00000007bfc80000)
  to   space 465920K, 0% used [0x0000000786e80000,0x0000000786e80000,0x00000007a3580000)
 ParOldGen       total 1817088K, used 1776338K [0x00000006c0000000, 0x000000072ee80000, 0x000000076ab00000)
  object space 1817088K, 97% used [0x00000006c0000000,0x000000072c6b4a30,0x000000072ee80000)
 Metaspace       used 11915K, capacity 12100K, committed 12288K, reserved 1060864K
  class space    used 1401K, capacity 1474K, committed 1536K, reserved 1048576K
Event: 33.197 GC heap after
Heap after GC invocations=21 (full 5):
 PSYoungGen      total 928256K, used 231717K [0x000000076ab00000, 0x00000007c0000000, 0x00000007c0000000)
  eden space 462336K, 0% used [0x000000076ab00000,0x000000076ab00000,0x0000000786e80000)
  from space 465920K, 49% used [0x00000007a3580000,0x00000007b17c97e8,0x00000007bfc80000)
  to   space 465920K, 0% used [0x0000000786e80000,0x0000000786e80000,0x00000007a3580000)
 ParOldGen       total 2629120K, used 1816869K [0x00000006c0000000, 0x0000000760780000, 0x000000076ab00000)
  object space 2629120K, 69% used [0x00000006c0000000,0x000000072ee49510,0x0000000760780000)
 Metaspace       used 11915K, capacity 12100K, committed 12288K, reserved 1060864K
  class space    used 1401K, capacity 1474K, committed 1536K, reserved 1048576K
}

