# JRE version: Java(TM) SE Runtime Environment (8.0_40-b26) (build 1.8.0_40-b26)
# Java VM: Java HotSpot(TM) 64-Bit Server VM (25.40-b25 mixed mode bsd-amd64 compressed oops)
Heap:
 PSYoungGen      total 141824K, used 53187K [0x000000076ab00000, 0x000000077b600000, 0x00000007c0000000)
  eden space 131072K, 38% used [0x000000076ab00000,0x000000076dc26980,0x0000000772b00000)
  from space 10752K, 26% used [0x0000000772b00000,0x0000000772dca630,0x0000000773580000)
  to   space 5632K, 0% used [0x000000077b080000,0x000000077b080000,0x000000077b600000)
 ParOldGen       total 175104K, used 48K [0x00000006c0000000, 0x00000006cab00000, 0x000000076ab00000)
  object space 175104K, 0% used [0x00000006c0000000,0x00000006c000c000,0x00000006cab00000)
 Metaspace       used 11879K, capacity 12032K, committed 12288K, reserved 1060864K
  class space    used 1424K, capacity 1474K, committed 1536K, reserved 1048576K
GC Heap History (10 events):
Event: 0.760 GC heap before
{Heap before GC invocations=1 (full 0):
 PSYoungGen      total 76288K, used 65536K [0x000000076ab00000, 0x0000000770000000, 0x00000007c0000000)
  eden space 65536K, 100% used [0x000000076ab00000,0x000000076eb00000,0x000000076eb00000)
  from space 10752K, 0% used [0x000000076f580000,0x000000076f580000,0x0000000770000000)
  to   space 10752K, 0% used [0x000000076eb00000,0x000000076eb00000,0x000000076f580000)
 ParOldGen       total 175104K, used 0K [0x00000006c0000000, 0x00000006cab00000, 0x000000076ab00000)
  object space 175104K, 0% used [0x00000006c0000000,0x00000006c0000000,0x00000006cab00000)
 Metaspace       used 9236K, capacity 9374K, committed 9472K, reserved 1056768K
  class space    used 1121K, capacity 1185K, committed 1280K, reserved 1048576K
Event: 0.767 GC heap after
Heap after GC invocations=1 (full 0):
 PSYoungGen      total 76288K, used 5191K [0x000000076ab00000, 0x0000000770000000, 0x00000007c0000000)
  eden space 65536K, 0% used [0x000000076ab00000,0x000000076ab00000,0x000000076eb00000)
  from space 10752K, 48% used [0x000000076eb00000,0x000000076f011fa8,0x000000076f580000)
  to   space 10752K, 0% used [0x000000076f580000,0x000000076f580000,0x0000000770000000)
 ParOldGen       total 175104K, used 16K [0x00000006c0000000, 0x00000006cab00000, 0x000000076ab00000)
  object space 175104K, 0% used [0x00000006c0000000,0x00000006c0004000,0x00000006cab00000)
 Metaspace       used 9236K, capacity 9374K, committed 9472K, reserved 1056768K
  class space    used 1121K, capacity 1185K, committed 1280K, reserved 1048576K
}
Event: 5.490 GC heap before
{Heap before GC invocations=2 (full 0):
 PSYoungGen      total 76288K, used 70727K [0x000000076ab00000, 0x0000000770000000, 0x00000007c0000000)
  eden space 65536K, 100% used [0x000000076ab00000,0x000000076eb00000,0x000000076eb00000)
  from space 10752K, 48% used [0x000000076eb00000,0x000000076f011fa8,0x000000076f580000)
  to   space 10752K, 0% used [0x000000076f580000,0x000000076f580000,0x0000000770000000)
 ParOldGen       total 175104K, used 16K [0x00000006c0000000, 0x00000006cab00000, 0x000000076ab00000)
  object space 175104K, 0% used [0x00000006c0000000,0x00000006c0004000,0x00000006cab00000)
 Metaspace       used 11591K, capacity 11744K, committed 12032K, reserved 1060864K
  class space    used 1387K, capacity 1442K, committed 1536K, reserved 1048576K
Event: 5.495 GC heap after
Heap after GC invocations=2 (full 0):
 PSYoungGen      total 76288K, used 4218K [0x000000076ab00000, 0x0000000770000000, 0x00000007c0000000)
  eden space 65536K, 0% used [0x000000076ab00000,0x000000076ab00000,0x000000076eb00000)
  from space 10752K, 39% used [0x000000076f580000,0x000000076f99e868,0x0000000770000000)
  to   space 10752K, 0% used [0x000000076eb00000,0x000000076eb00000,0x000000076f580000)
 ParOldGen       total 175104K, used 24K [0x00000006c0000000, 0x00000006cab00000, 0x000000076ab00000)
  object space 175104K, 0% used [0x00000006c0000000,0x00000006c0006000,0x00000006cab00000)
 Metaspace       used 11591K, capacity 11744K, committed 12032K, reserved 1060864K
  class space    used 1387K, capacity 1442K, committed 1536K, reserved 1048576K
}
Event: 5.537 GC heap before
{Heap before GC invocations=3 (full 0):
 PSYoungGen      total 76288K, used 69754K [0x000000076ab00000, 0x0000000770000000, 0x00000007c0000000)
  eden space 65536K, 100% used [0x000000076ab00000,0x000000076eb00000,0x000000076eb00000)
  from space 10752K, 39% used [0x000000076f580000,0x000000076f99e868,0x0000000770000000)
  to   space 10752K, 0% used [0x000000076eb00000,0x000000076eb00000,0x000000076f580000)
 ParOldGen       total 175104K, used 24K [0x00000006c0000000, 0x00000006cab00000, 0x000000076ab00000)
  object space 175104K, 0% used [0x00000006c0000000,0x00000006c0006000,0x00000006cab00000)
 Metaspace       used 11757K, capacity 11904K, committed 12032K, reserved 1060864K
  class space    used 1417K, capacity 1474K, committed 1536K, reserved 1048576K
Event: 5.541 GC heap after
Heap after GC invocations=3 (full 0):
 PSYoungGen      total 76288K, used 3138K [0x000000076ab00000, 0x0000000774000000, 0x00000007c0000000)
  eden space 65536K, 0% used [0x000000076ab00000,0x000000076ab00000,0x000000076eb00000)
  from space 10752K, 29% used [0x000000076eb00000,0x000000076ee109d0,0x000000076f580000)
  to   space 10752K, 0% used [0x0000000773580000,0x0000000773580000,0x0000000774000000)
 ParOldGen       total 175104K, used 32K [0x00000006c0000000, 0x00000006cab00000, 0x000000076ab00000)
  object space 175104K, 0% used [0x00000006c0000000,0x00000006c0008000,0x00000006cab00000)
 Metaspace       used 11757K, capacity 11904K, committed 12032K, reserved 1060864K
  class space    used 1417K, capacity 1474K, committed 1536K, reserved 1048576K
}
Event: 5.567 GC heap before
{Heap before GC invocations=4 (full 0):
 PSYoungGen      total 76288K, used 68660K [0x000000076ab00000, 0x0000000774000000, 0x00000007c0000000)
  eden space 65536K, 99% used [0x000000076ab00000,0x000000076eafc860,0x000000076eb00000)
  from space 10752K, 29% used [0x000000076eb00000,0x000000076ee109d0,0x000000076f580000)
  to   space 10752K, 0% used [0x0000000773580000,0x0000000773580000,0x0000000774000000)
 ParOldGen       total 175104K, used 32K [0x00000006c0000000, 0x00000006cab00000, 0x000000076ab00000)
  object space 175104K, 0% used [0x00000006c0000000,0x00000006c0008000,0x00000006cab00000)
 Metaspace       used 11784K, capacity 11904K, committed 12032K, reserved 1060864K
  class space    used 1420K, capacity 1474K, committed 1536K, reserved 1048576K
Event: 5.571 GC heap after
Heap after GC invocations=4 (full 0):
 PSYoungGen      total 141824K, used 3124K [0x000000076ab00000, 0x0000000774000000, 0x00000007c0000000)
  eden space 131072K, 0% used [0x000000076ab00000,0x000000076ab00000,0x0000000772b00000)
  from space 10752K, 29% used [0x0000000773580000,0x000000077388d2e8,0x0000000774000000)
  to   space 10752K, 0% used [0x0000000772b00000,0x0000000772b00000,0x0000000773580000)
 ParOldGen       total 175104K, used 40K [0x00000006c0000000, 0x00000006cab00000, 0x000000076ab00000)
  object space 175104K, 0% used [0x00000006c0000000,0x00000006c000a000,0x00000006cab00000)
 Metaspace       used 11784K, capacity 11904K, committed 12032K, reserved 1060864K
  class space    used 1420K, capacity 1474K, committed 1536K, reserved 1048576K
}
Event: 5.650 GC heap before
{Heap before GC invocations=5 (full 0):
 PSYoungGen      total 141824K, used 134191K [0x000000076ab00000, 0x0000000774000000, 0x00000007c0000000)
  eden space 131072K, 99% used [0x000000076ab00000,0x0000000772afe978,0x0000000772b00000)
  from space 10752K, 29% used [0x0000000773580000,0x000000077388d2e8,0x0000000774000000)
  to   space 10752K, 0% used [0x0000000772b00000,0x0000000772b00000,0x0000000773580000)
 ParOldGen       total 175104K, used 40K [0x00000006c0000000, 0x00000006cab00000, 0x000000076ab00000)
  object space 175104K, 0% used [0x00000006c0000000,0x00000006c000a000,0x00000006cab00000)
 Metaspace       used 11844K, capacity 12032K, committed 12288K, reserved 1060864K
  class space    used 1420K, capacity 1474K, committed 1536K, reserved 1048576K
Event: 5.654 GC heap after
Heap after GC invocations=5 (full 0):
 PSYoungGen      total 141824K, used 2857K [0x000000076ab00000, 0x000000077b600000, 0x00000007c0000000)
  eden space 131072K, 0% used [0x000000076ab00000,0x000000076ab00000,0x0000000772b00000)
  from space 10752K, 26% used [0x0000000772b00000,0x0000000772dca630,0x0000000773580000)
  to   space 5632K, 0% used [0x000000077b080000,0x000000077b080000,0x000000077b600000)
 ParOldGen       total 175104K, used 48K [0x00000006c0000000, 0x00000006cab00000, 0x000000076ab00000)
  object space 175104K, 0% used [0x00000006c0000000,0x00000006c000c000,0x00000006cab00000)
 Metaspace       used 11844K, capacity 12032K, committed 12288K, reserved 1060864K
  class space    used 1420K, capacity 1474K, committed 1536K, reserved 1048576K
}

