# JRE version: Java(TM) SE Runtime Environment (8.0_40-b26) (build 1.8.0_40-b26)
# Java VM: Java HotSpot(TM) 64-Bit Server VM (25.40-b25 mixed mode bsd-amd64 compressed oops)
Heap:
 PSYoungGen      total 824320K, used 341148K [0x000000076ab00000, 0x00000007bdb80000, 0x00000007c0000000)
  eden space 358400K, 95% used [0x000000076ab00000,0x000000077f827368,0x0000000780900000)
  from space 465920K, 0% used [0x0000000780900000,0x0000000780900000,0x000000079d000000)
  to   space 465920K, 0% used [0x00000007a1480000,0x00000007a1480000,0x00000007bdb80000)
 ParOldGen       total 2796544K, used 2796137K [0x00000006c0000000, 0x000000076ab00000, 0x000000076ab00000)
  object space 2796544K, 99% used [0x00000006c0000000,0x000000076aa9a438,0x000000076ab00000)
 Metaspace       used 11888K, capacity 12100K, committed 12288K, reserved 1060864K
  class space    used 1406K, capacity 1474K, committed 1536K, reserved 1048576K
GC Heap History (10 events):
Event: 32.006 GC heap before
{Heap before GC invocations=23 (full 5):
 PSYoungGen      total 756736K, used 534336K [0x000000076ab00000, 0x00000007b9700000, 0x00000007c0000000)
  eden space 290816K, 100% used [0x000000076ab00000,0x000000077c700000,0x000000077c700000)
  from space 465920K, 52% used [0x000000077c700000,0x000000078b4d0000,0x0000000798e00000)
  to   space 465920K, 0% used [0x000000079d000000,0x000000079d000000,0x00000007b9700000)
 ParOldGen       total 2411520K, used 1988249K [0x00000006c0000000, 0x0000000753300000, 0x000000076ab00000)
  object space 2411520K, 82% used [0x00000006c0000000,0x00000007395a6778,0x0000000753300000)
 Metaspace       used 11861K, capacity 12036K, committed 12288K, reserved 1060864K
  class space    used 1402K, capacity 1474K, committed 1536K, reserved 1048576K
Event: 32.700 GC heap after
Heap after GC invocations=23 (full 5):
 PSYoungGen      total 824320K, used 248896K [0x000000076ab00000, 0x00000007b9d80000, 0x00000007c0000000)
  eden space 358400K, 0% used [0x000000076ab00000,0x000000076ab00000,0x0000000780900000)
  from space 465920K, 53% used [0x000000079d000000,0x00000007ac310000,0x00000007b9700000)
  to   space 465920K, 0% used [0x0000000780900000,0x0000000780900000,0x000000079d000000)
 ParOldGen       total 2411520K, used 2232313K [0x00000006c0000000, 0x0000000753300000, 0x000000076ab00000)
  object space 2411520K, 92% used [0x00000006c0000000,0x00000007483fe778,0x0000000753300000)
 Metaspace       used 11861K, capacity 12036K, committed 12288K, reserved 1060864K
  class space    used 1402K, capacity 1474K, committed 1536K, reserved 1048576K
}
Event: 32.700 GC heap before
{Heap before GC invocations=24 (full 6):
 PSYoungGen      total 824320K, used 248896K [0x000000076ab00000, 0x00000007b9d80000, 0x00000007c0000000)
  eden space 358400K, 0% used [0x000000076ab00000,0x000000076ab00000,0x0000000780900000)
  from space 465920K, 53% used [0x000000079d000000,0x00000007ac310000,0x00000007b9700000)
  to   space 465920K, 0% used [0x0000000780900000,0x0000000780900000,0x000000079d000000)
 ParOldGen       total 2411520K, used 2232313K [0x00000006c0000000, 0x0000000753300000, 0x000000076ab00000)
  object space 2411520K, 92% used [0x00000006c0000000,0x00000007483fe778,0x0000000753300000)
 Metaspace       used 11861K, capacity 12036K, committed 12288K, reserved 1060864K
  class space    used 1402K, capacity 1474K, committed 1536K, reserved 1048576K
Event: 47.266 GC heap after
Heap after GC invocations=24 (full 6):
 PSYoungGen      total 824320K, used 65896K [0x000000076ab00000, 0x00000007b9d80000, 0x00000007c0000000)
  eden space 358400K, 0% used [0x000000076ab00000,0x000000076ab00000,0x0000000780900000)
  from space 465920K, 14% used [0x000000079d000000,0x00000007a105a070,0x00000007b9700000)
  to   space 465920K, 0% used [0x0000000780900000,0x0000000780900000,0x000000079d000000)
 ParOldGen       total 2796544K, used 2411177K [0x00000006c0000000, 0x000000076ab00000, 0x000000076ab00000)
  object space 2796544K, 86% used [0x00000006c0000000,0x00000007532aa478,0x000000076ab00000)
 Metaspace       used 11861K, capacity 12036K, committed 12288K, reserved 1060864K
  class space    used 1402K, capacity 1474K, committed 1536K, reserved 1048576K
}
Event: 47.481 GC heap before
{Heap before GC invocations=25 (full 6):
 PSYoungGen      total 824320K, used 424296K [0x000000076ab00000, 0x00000007b9d80000, 0x00000007c0000000)
  eden space 358400K, 100% used [0x000000076ab00000,0x0000000780900000,0x0000000780900000)
  from space 465920K, 14% used [0x000000079d000000,0x00000007a105a070,0x00000007b9700000)
  to   space 465920K, 0% used [0x0000000780900000,0x0000000780900000,0x000000079d000000)
 ParOldGen       total 2796544K, used 2411177K [0x00000006c0000000, 0x000000076ab00000, 0x000000076ab00000)
  object space 2796544K, 86% used [0x00000006c0000000,0x00000007532aa478,0x000000076ab00000)
 Metaspace       used 11867K, capacity 12100K, committed 12288K, reserved 1060864K
  class space    used 1402K, capacity 1474K, committed 1536K, reserved 1048576K
Event: 48.416 GC heap after
Heap after GC invocations=25 (full 6):
 PSYoungGen      total 824320K, used 310272K [0x000000076ab00000, 0x00000007bdb80000, 0x00000007c0000000)
  eden space 358400K, 0% used [0x000000076ab00000,0x000000076ab00000,0x0000000780900000)
  from space 465920K, 66% used [0x0000000780900000,0x0000000793800000,0x000000079d000000)
  to   space 465920K, 0% used [0x00000007a1480000,0x00000007a1480000,0x00000007bdb80000)
 ParOldGen       total 2796544K, used 2477369K [0x00000006c0000000, 0x000000076ab00000, 0x000000076ab00000)
  object space 2796544K, 88% used [0x00000006c0000000,0x000000075734e478,0x000000076ab00000)
 Metaspace       used 11867K, capacity 12100K, committed 12288K, reserved 1060864K
  class space    used 1402K, capacity 1474K, committed 1536K, reserved 1048576K
}
Event: 48.416 GC heap before
{Heap before GC invocations=26 (full 7):
 PSYoungGen      total 824320K, used 310272K [0x000000076ab00000, 0x00000007bdb80000, 0x00000007c0000000)
  eden space 358400K, 0% used [0x000000076ab00000,0x000000076ab00000,0x0000000780900000)
  from space 465920K, 66% used [0x0000000780900000,0x0000000793800000,0x000000079d000000)
  to   space 465920K, 0% used [0x00000007a1480000,0x00000007a1480000,0x00000007bdb80000)
 ParOldGen       total 2796544K, used 2477369K [0x00000006c0000000, 0x000000076ab00000, 0x000000076ab00000)
  object space 2796544K, 88% used [0x00000006c0000000,0x000000075734e478,0x000000076ab00000)
 Metaspace       used 11867K, capacity 12100K, committed 12288K, reserved 1060864K
  class space    used 1402K, capacity 1474K, committed 1536K, reserved 1048576K
Event: 62.938 GC heap after
Heap after GC invocations=26 (full 7):
 PSYoungGen      total 824320K, used 0K [0x000000076ab00000, 0x00000007bdb80000, 0x00000007c0000000)
  eden space 358400K, 0% used [0x000000076ab00000,0x000000076ab00000,0x0000000780900000)
  from space 465920K, 0% used [0x0000000780900000,0x0000000780900000,0x000000079d000000)
  to   space 465920K, 0% used [0x00000007a1480000,0x00000007a1480000,0x00000007bdb80000)
 ParOldGen       total 2796544K, used 2785996K [0x00000006c0000000, 0x000000076ab00000, 0x000000076ab00000)
  object space 2796544K, 99% used [0x00000006c0000000,0x000000076a0b3000,0x000000076ab00000)
 Metaspace       used 11867K, capacity 12100K, committed 12288K, reserved 1060864K
  class space    used 1402K, capacity 1474K, committed 1536K, reserved 1048576K
}
Event: 63.156 GC heap before
{Heap before GC invocations=27 (full 8):
 PSYoungGen      total 824320K, used 358400K [0x000000076ab00000, 0x00000007bdb80000, 0x00000007c0000000)
  eden space 358400K, 100% used [0x000000076ab00000,0x0000000780900000,0x0000000780900000)
  from space 465920K, 0% used [0x0000000780900000,0x0000000780900000,0x000000079d000000)
  to   space 465920K, 0% used [0x00000007a1480000,0x00000007a1480000,0x00000007bdb80000)
 ParOldGen       total 2796544K, used 2785996K [0x00000006c0000000, 0x000000076ab00000, 0x000000076ab00000)
  object space 2796544K, 99% used [0x00000006c0000000,0x000000076a0b3000,0x000000076ab00000)
 Metaspace       used 11868K, capacity 12100K, committed 12288K, reserved 1060864K
  class space    used 1402K, capacity 1474K, committed 1536K, reserved 1048576K
Event: 78.504 GC heap after
Heap after GC invocations=27 (full 8):
 PSYoungGen      total 824320K, used 295476K [0x000000076ab00000, 0x00000007bdb80000, 0x00000007c0000000)
  eden space 358400K, 82% used [0x000000076ab00000,0x000000077cb8d3b0,0x0000000780900000)
  from space 465920K, 0% used [0x0000000780900000,0x0000000780900000,0x000000079d000000)
  to   space 465920K, 0% used [0x00000007a1480000,0x00000007a1480000,0x00000007bdb80000)
 ParOldGen       total 2796544K, used 2796137K [0x00000006c0000000, 0x000000076ab00000, 0x000000076ab00000)
  object space 2796544K, 99% used [0x00000006c0000000,0x000000076aa9a438,0x000000076ab00000)
 Metaspace       used 11868K, capacity 12100K, committed 12288K, reserved 1060864K
  class space    used 1402K, capacity 1474K, committed 1536K, reserved 1048576K
}

