# JRE version: Java(TM) SE Runtime Environment (8.0_40-b26) (build 1.8.0_40-b26)
# Java VM: Java HotSpot(TM) 64-Bit Server VM (25.40-b25 mixed mode bsd-amd64 compressed oops)
Heap:
 PSYoungGen      total 141824K, used 74132K [0x000000076ab00000, 0x000000077b400000, 0x00000007c0000000)
  eden space 131072K, 53% used [0x000000076ab00000,0x000000076efb9018,0x0000000772b00000)
  from space 10752K, 34% used [0x0000000772b00000,0x0000000772eac010,0x0000000773580000)
  to   space 4608K, 0% used [0x000000077af80000,0x000000077af80000,0x000000077b400000)
 ParOldGen       total 175104K, used 48K [0x00000006c0000000, 0x00000006cab00000, 0x000000076ab00000)
  object space 175104K, 0% used [0x00000006c0000000,0x00000006c000c000,0x00000006cab00000)
 Metaspace       used 11916K, capacity 12104K, committed 12288K, reserved 1060864K
  class space    used 1412K, capacity 1474K, committed 1536K, reserved 1048576K
GC Heap History (10 events):
Event: 0.629 GC heap before
{Heap before GC invocations=1 (full 0):
 PSYoungGen      total 76288K, used 65536K [0x000000076ab00000, 0x0000000770000000, 0x00000007c0000000)
  eden space 65536K, 100% used [0x000000076ab00000,0x000000076eb00000,0x000000076eb00000)
  from space 10752K, 0% used [0x000000076f580000,0x000000076f580000,0x0000000770000000)
  to   space 10752K, 0% used [0x000000076eb00000,0x000000076eb00000,0x000000076f580000)
 ParOldGen       total 175104K, used 0K [0x00000006c0000000, 0x00000006cab00000, 0x000000076ab00000)
  object space 175104K, 0% used [0x00000006c0000000,0x00000006c0000000,0x00000006cab00000)
 Metaspace       used 9770K, capacity 9894K, committed 9984K, reserved 1058816K
  class space    used 1188K, capacity 1249K, committed 1280K, reserved 1048576K
Event: 0.634 GC heap after
Heap after GC invocations=1 (full 0):
 PSYoungGen      total 76288K, used 3850K [0x000000076ab00000, 0x0000000770000000, 0x00000007c0000000)
  eden space 65536K, 0% used [0x000000076ab00000,0x000000076ab00000,0x000000076eb00000)
  from space 10752K, 35% used [0x000000076eb00000,0x000000076eec2ba8,0x000000076f580000)
  to   space 10752K, 0% used [0x000000076f580000,0x000000076f580000,0x0000000770000000)
 ParOldGen       total 175104K, used 16K [0x00000006c0000000, 0x00000006cab00000, 0x000000076ab00000)
  object space 175104K, 0% used [0x00000006c0000000,0x00000006c0004000,0x00000006cab00000)
 Metaspace       used 9770K, capacity 9894K, committed 9984K, reserved 1058816K
  class space    used 1188K, capacity 1249K, committed 1280K, reserved 1048576K
}
Event: 5.501 GC heap before
{Heap before GC invocations=2 (full 0):
 PSYoungGen      total 76288K, used 69386K [0x000000076ab00000, 0x0000000770000000, 0x00000007c0000000)
  eden space 65536K, 100% used [0x000000076ab00000,0x000000076eb00000,0x000000076eb00000)
  from space 10752K, 35% used [0x000000076eb00000,0x000000076eec2ba8,0x000000076f580000)
  to   space 10752K, 0% used [0x000000076f580000,0x000000076f580000,0x0000000770000000)
 ParOldGen       total 175104K, used 16K [0x00000006c0000000, 0x00000006cab00000, 0x000000076ab00000)
  object space 175104K, 0% used [0x00000006c0000000,0x00000006c0004000,0x00000006cab00000)
 Metaspace       used 11678K, capacity 11880K, committed 12032K, reserved 1060864K
  class space    used 1387K, capacity 1442K, committed 1536K, reserved 1048576K
Event: 5.505 GC heap after
Heap after GC invocations=2 (full 0):
 PSYoungGen      total 76288K, used 4200K [0x000000076ab00000, 0x0000000770000000, 0x00000007c0000000)
  eden space 65536K, 0% used [0x000000076ab00000,0x000000076ab00000,0x000000076eb00000)
  from space 10752K, 39% used [0x000000076f580000,0x000000076f99a3d0,0x0000000770000000)
  to   space 10752K, 0% used [0x000000076eb00000,0x000000076eb00000,0x000000076f580000)
 ParOldGen       total 175104K, used 24K [0x00000006c0000000, 0x00000006cab00000, 0x000000076ab00000)
  object space 175104K, 0% used [0x00000006c0000000,0x00000006c0006000,0x00000006cab00000)
 Metaspace       used 11678K, capacity 11880K, committed 12032K, reserved 1060864K
  class space    used 1387K, capacity 1442K, committed 1536K, reserved 1048576K
}
Event: 5.589 GC heap before
{Heap before GC invocations=3 (full 0):
 PSYoungGen      total 76288K, used 69736K [0x000000076ab00000, 0x0000000770000000, 0x00000007c0000000)
  eden space 65536K, 100% used [0x000000076ab00000,0x000000076eb00000,0x000000076eb00000)
  from space 10752K, 39% used [0x000000076f580000,0x000000076f99a3d0,0x0000000770000000)
  to   space 10752K, 0% used [0x000000076eb00000,0x000000076eb00000,0x000000076f580000)
 ParOldGen       total 175104K, used 24K [0x00000006c0000000, 0x00000006cab00000, 0x000000076ab00000)
  object space 175104K, 0% used [0x00000006c0000000,0x00000006c0006000,0x00000006cab00000)
 Metaspace       used 11800K, capacity 11976K, committed 12288K, reserved 1060864K
  class space    used 1404K, capacity 1474K, committed 1536K, reserved 1048576K
Event: 5.595 GC heap after
Heap after GC invocations=3 (full 0):
 PSYoungGen      total 76288K, used 3590K [0x000000076ab00000, 0x0000000774000000, 0x00000007c0000000)
  eden space 65536K, 0% used [0x000000076ab00000,0x000000076ab00000,0x000000076eb00000)
  from space 10752K, 33% used [0x000000076eb00000,0x000000076ee81bf8,0x000000076f580000)
  to   space 10752K, 0% used [0x0000000773580000,0x0000000773580000,0x0000000774000000)
 ParOldGen       total 175104K, used 32K [0x00000006c0000000, 0x00000006cab00000, 0x000000076ab00000)
  object space 175104K, 0% used [0x00000006c0000000,0x00000006c0008000,0x00000006cab00000)
 Metaspace       used 11800K, capacity 11976K, committed 12288K, reserved 1060864K
  class space    used 1404K, capacity 1474K, committed 1536K, reserved 1048576K
}
Event: 5.661 GC heap before
{Heap before GC invocations=4 (full 0):
 PSYoungGen      total 76288K, used 69126K [0x000000076ab00000, 0x0000000774000000, 0x00000007c0000000)
  eden space 65536K, 100% used [0x000000076ab00000,0x000000076eb00000,0x000000076eb00000)
  from space 10752K, 33% used [0x000000076eb00000,0x000000076ee81bf8,0x000000076f580000)
  to   space 10752K, 0% used [0x0000000773580000,0x0000000773580000,0x0000000774000000)
 ParOldGen       total 175104K, used 32K [0x00000006c0000000, 0x00000006cab00000, 0x000000076ab00000)
  object space 175104K, 0% used [0x00000006c0000000,0x00000006c0008000,0x00000006cab00000)
 Metaspace       used 11809K, capacity 11976K, committed 12288K, reserved 1060864K
  class space    used 1404K, capacity 1474K, committed 1536K, reserved 1048576K
Event: 5.666 GC heap after
Heap after GC invocations=4 (full 0):
 PSYoungGen      total 141824K, used 3727K [0x000000076ab00000, 0x0000000774000000, 0x00000007c0000000)
  eden space 131072K, 0% used [0x000000076ab00000,0x000000076ab00000,0x0000000772b00000)
  from space 10752K, 34% used [0x0000000773580000,0x0000000773923fd0,0x0000000774000000)
  to   space 10752K, 0% used [0x0000000772b00000,0x0000000772b00000,0x0000000773580000)
 ParOldGen       total 175104K, used 40K [0x00000006c0000000, 0x00000006cab00000, 0x000000076ab00000)
  object space 175104K, 0% used [0x00000006c0000000,0x00000006c000a000,0x00000006cab00000)
 Metaspace       used 11809K, capacity 11976K, committed 12288K, reserved 1060864K
  class space    used 1404K, capacity 1474K, committed 1536K, reserved 1048576K
}
Event: 5.794 GC heap before
{Heap before GC invocations=5 (full 0):
 PSYoungGen      total 141824K, used 134799K [0x000000076ab00000, 0x0000000774000000, 0x00000007c0000000)
  eden space 131072K, 100% used [0x000000076ab00000,0x0000000772b00000,0x0000000772b00000)
  from space 10752K, 34% used [0x0000000773580000,0x0000000773923fd0,0x0000000774000000)
  to   space 10752K, 0% used [0x0000000772b00000,0x0000000772b00000,0x0000000773580000)
 ParOldGen       total 175104K, used 40K [0x00000006c0000000, 0x00000006cab00000, 0x000000076ab00000)
  object space 175104K, 0% used [0x00000006c0000000,0x00000006c000a000,0x00000006cab00000)
 Metaspace       used 11859K, capacity 12040K, committed 12288K, reserved 1060864K
  class space    used 1404K, capacity 1474K, committed 1536K, reserved 1048576K
Event: 5.800 GC heap after
Heap after GC invocations=5 (full 0):
 PSYoungGen      total 141824K, used 3760K [0x000000076ab00000, 0x000000077b400000, 0x00000007c0000000)
  eden space 131072K, 0% used [0x000000076ab00000,0x000000076ab00000,0x0000000772b00000)
  from space 10752K, 34% used [0x0000000772b00000,0x0000000772eac010,0x0000000773580000)
  to   space 4608K, 0% used [0x000000077af80000,0x000000077af80000,0x000000077b400000)
 ParOldGen       total 175104K, used 48K [0x00000006c0000000, 0x00000006cab00000, 0x000000076ab00000)
  object space 175104K, 0% used [0x00000006c0000000,0x00000006c000c000,0x00000006cab00000)
 Metaspace       used 11859K, capacity 12040K, committed 12288K, reserved 1060864K
  class space    used 1404K, capacity 1474K, committed 1536K, reserved 1048576K
}

