# JRE version: Java(TM) SE Runtime Environment (8.0_40-b26) (build 1.8.0_40-b26)
# Java VM: Java HotSpot(TM) 64-Bit Server VM (25.40-b25 mixed mode bsd-amd64 compressed oops)
Heap:
 PSYoungGen      total 1369088K, used 683105K [0x000000076ab00000, 0x00000007bfe80000, 0x00000007c0000000)
  eden space 1342976K, 50% used [0x000000076ab00000,0x0000000794318498,0x00000007bca80000)
  from space 26112K, 11% used [0x00000007be500000,0x00000007be800030,0x00000007bfe80000)
  to   space 26624K, 0% used [0x00000007bca80000,0x00000007bca80000,0x00000007be480000)
 ParOldGen       total 1507840K, used 1410379K [0x00000006c0000000, 0x000000071c080000, 0x000000076ab00000)
  object space 1507840K, 93% used [0x00000006c0000000,0x0000000716152ef8,0x000000071c080000)
 Metaspace       used 12423K, capacity 12644K, committed 12800K, reserved 1060864K
  class space    used 1429K, capacity 1506K, committed 1536K, reserved 1048576K
GC Heap History (10 events):
Event: 81.175 GC heap before
{Heap before GC invocations=131 (full 7):
 PSYoungGen      total 1346560K, used 1345383K [0x000000076ab00000, 0x00000007c0000000, 0x00000007c0000000)
  eden space 1344512K, 99% used [0x000000076ab00000,0x00000007bcb59c48,0x00000007bcc00000)
  from space 2048K, 75% used [0x00000007bcc00000,0x00000007bcd80010,0x00000007bce00000)
  to   space 27648K, 0% used [0x00000007be500000,0x00000007be500000,0x00000007c0000000)
 ParOldGen       total 1507840K, used 1410379K [0x00000006c0000000, 0x000000071c080000, 0x000000076ab00000)
  object space 1507840K, 93% used [0x00000006c0000000,0x0000000716152ef8,0x000000071c080000)
 Metaspace       used 12391K, capacity 12580K, committed 12800K, reserved 1060864K
  class space    used 1425K, capacity 1506K, committed 1536K, reserved 1048576K
Event: 81.180 GC heap after
Heap after GC invocations=131 (full 7):
 PSYoungGen      total 1369088K, used 1271K [0x000000076ab00000, 0x00000007c0000000, 0x00000007c0000000)
  eden space 1341440K, 0% used [0x000000076ab00000,0x000000076ab00000,0x00000007bc900000)
  from space 27648K, 4% used [0x00000007be500000,0x00000007be63dee8,0x00000007c0000000)
  to   space 28160K, 0% used [0x00000007bc900000,0x00000007bc900000,0x00000007be480000)
 ParOldGen       total 1507840K, used 1410379K [0x00000006c0000000, 0x000000071c080000, 0x000000076ab00000)
  object space 1507840K, 93% used [0x00000006c0000000,0x0000000716152ef8,0x000000071c080000)
 Metaspace       used 12391K, capacity 12580K, committed 12800K, reserved 1060864K
  class space    used 1425K, capacity 1506K, committed 1536K, reserved 1048576K
}
Event: 83.855 GC heap before
{Heap before GC invocations=132 (full 7):
 PSYoungGen      total 1369088K, used 1341843K [0x000000076ab00000, 0x00000007c0000000, 0x00000007c0000000)
  eden space 1341440K, 99% used [0x000000076ab00000,0x00000007bc826e60,0x00000007bc900000)
  from space 27648K, 4% used [0x00000007be500000,0x00000007be63dee8,0x00000007c0000000)
  to   space 28160K, 0% used [0x00000007bc900000,0x00000007bc900000,0x00000007be480000)
 ParOldGen       total 1507840K, used 1410379K [0x00000006c0000000, 0x000000071c080000, 0x000000076ab00000)
  object space 1507840K, 93% used [0x00000006c0000000,0x0000000716152ef8,0x000000071c080000)
 Metaspace       used 12391K, capacity 12580K, committed 12800K, reserved 1060864K
  class space    used 1425K, capacity 1506K, committed 1536K, reserved 1048576K
Event: 83.862 GC heap after
Heap after GC invocations=132 (full 7):
 PSYoungGen      total 1369600K, used 1408K [0x000000076ab00000, 0x00000007c0000000, 0x00000007c0000000)
  eden space 1341440K, 0% used [0x000000076ab00000,0x000000076ab00000,0x00000007bc900000)
  from space 28160K, 5% used [0x00000007bc900000,0x00000007bca60010,0x00000007be480000)
  to   space 28160K, 0% used [0x00000007be480000,0x00000007be480000,0x00000007c0000000)
 ParOldGen       total 1507840K, used 1410379K [0x00000006c0000000, 0x000000071c080000, 0x000000076ab00000)
  object space 1507840K, 93% used [0x00000006c0000000,0x0000000716152ef8,0x000000071c080000)
 Metaspace       used 12391K, capacity 12580K, committed 12800K, reserved 1060864K
  class space    used 1425K, capacity 1506K, committed 1536K, reserved 1048576K
}
Event: 86.371 GC heap before
{Heap before GC invocations=133 (full 7):
 PSYoungGen      total 1369600K, used 1342388K [0x000000076ab00000, 0x00000007c0000000, 0x00000007c0000000)
  eden space 1341440K, 99% used [0x000000076ab00000,0x00000007bc88d300,0x00000007bc900000)
  from space 28160K, 5% used [0x00000007bc900000,0x00000007bca60010,0x00000007be480000)
  to   space 28160K, 0% used [0x00000007be480000,0x00000007be480000,0x00000007c0000000)
 ParOldGen       total 1507840K, used 1410379K [0x00000006c0000000, 0x000000071c080000, 0x000000076ab00000)
  object space 1507840K, 93% used [0x00000006c0000000,0x0000000716152ef8,0x000000071c080000)
 Metaspace       used 12391K, capacity 12580K, committed 12800K, reserved 1060864K
  class space    used 1425K, capacity 1506K, committed 1536K, reserved 1048576K
Event: 86.377 GC heap after
Heap after GC invocations=133 (full 7):
 PSYoungGen      total 1368576K, used 2272K [0x000000076ab00000, 0x00000007bff00000, 0x00000007c0000000)
  eden space 1341440K, 0% used [0x000000076ab00000,0x000000076ab00000,0x00000007bc900000)
  from space 27136K, 8% used [0x00000007be480000,0x00000007be6b8010,0x00000007bff00000)
  to   space 27648K, 0% used [0x00000007bc900000,0x00000007bc900000,0x00000007be400000)
 ParOldGen       total 1507840K, used 1410379K [0x00000006c0000000, 0x000000071c080000, 0x000000076ab00000)
  object space 1507840K, 93% used [0x00000006c0000000,0x0000000716152ef8,0x000000071c080000)
 Metaspace       used 12391K, capacity 12580K, committed 12800K, reserved 1060864K
  class space    used 1425K, capacity 1506K, committed 1536K, reserved 1048576K
}
Event: 88.922 GC heap before
{Heap before GC invocations=134 (full 7):
 PSYoungGen      total 1368576K, used 1343712K [0x000000076ab00000, 0x00000007bff00000, 0x00000007c0000000)
  eden space 1341440K, 100% used [0x000000076ab00000,0x00000007bc900000,0x00000007bc900000)
  from space 27136K, 8% used [0x00000007be480000,0x00000007be6b8010,0x00000007bff00000)
  to   space 27648K, 0% used [0x00000007bc900000,0x00000007bc900000,0x00000007be400000)
 ParOldGen       total 1507840K, used 1410379K [0x00000006c0000000, 0x000000071c080000, 0x000000076ab00000)
  object space 1507840K, 93% used [0x00000006c0000000,0x0000000716152ef8,0x000000071c080000)
 Metaspace       used 12391K, capacity 12580K, committed 12800K, reserved 1060864K
  class space    used 1425K, capacity 1506K, committed 1536K, reserved 1048576K
Event: 88.926 GC heap after
Heap after GC invocations=134 (full 7):
 PSYoungGen      total 1369088K, used 1920K [0x000000076ab00000, 0x00000007bff80000, 0x00000007c0000000)
  eden space 1341440K, 0% used [0x000000076ab00000,0x000000076ab00000,0x00000007bc900000)
  from space 27648K, 6% used [0x00000007bc900000,0x00000007bcae0010,0x00000007be400000)
  to   space 27136K, 0% used [0x00000007be500000,0x00000007be500000,0x00000007bff80000)
 ParOldGen       total 1507840K, used 1410379K [0x00000006c0000000, 0x000000071c080000, 0x000000076ab00000)
  object space 1507840K, 93% used [0x00000006c0000000,0x0000000716152ef8,0x000000071c080000)
 Metaspace       used 12391K, capacity 12580K, committed 12800K, reserved 1060864K
  class space    used 1425K, capacity 1506K, committed 1536K, reserved 1048576K
}
Event: 91.432 GC heap before
{Heap before GC invocations=135 (full 7):
 PSYoungGen      total 1369088K, used 1342700K [0x000000076ab00000, 0x00000007bff80000, 0x00000007c0000000)
  eden space 1341440K, 99% used [0x000000076ab00000,0x00000007bc85b0b8,0x00000007bc900000)
  from space 27648K, 6% used [0x00000007bc900000,0x00000007bcae0010,0x00000007be400000)
  to   space 27136K, 0% used [0x00000007be500000,0x00000007be500000,0x00000007bff80000)
 ParOldGen       total 1507840K, used 1410379K [0x00000006c0000000, 0x000000071c080000, 0x000000076ab00000)
  object space 1507840K, 93% used [0x00000006c0000000,0x0000000716152ef8,0x000000071c080000)
 Metaspace       used 12401K, capacity 12580K, committed 12800K, reserved 1060864K
  class space    used 1425K, capacity 1506K, committed 1536K, reserved 1048576K
Event: 91.439 GC heap after
Heap after GC invocations=135 (full 7):
 PSYoungGen      total 1369088K, used 3072K [0x000000076ab00000, 0x00000007bfe80000, 0x00000007c0000000)
  eden space 1342976K, 0% used [0x000000076ab00000,0x000000076ab00000,0x00000007bca80000)
  from space 26112K, 11% used [0x00000007be500000,0x00000007be800030,0x00000007bfe80000)
  to   space 26624K, 0% used [0x00000007bca80000,0x00000007bca80000,0x00000007be480000)
 ParOldGen       total 1507840K, used 1410379K [0x00000006c0000000, 0x000000071c080000, 0x000000076ab00000)
  object space 1507840K, 93% used [0x00000006c0000000,0x0000000716152ef8,0x000000071c080000)
 Metaspace       used 12401K, capacity 12580K, committed 12800K, reserved 1060864K
  class space    used 1425K, capacity 1506K, committed 1536K, reserved 1048576K
}

