# JRE version: Java(TM) SE Runtime Environment (8.0_40-b26) (build 1.8.0_40-b26)
# Java VM: Java HotSpot(TM) 64-Bit Server VM (25.40-b25 mixed mode bsd-amd64 compressed oops)
Heap:
 PSYoungGen      total 144896K, used 36723K [0x000000076ab00000, 0x00000007b8180000, 0x00000007c0000000)
  eden space 143872K, 24% used [0x000000076ab00000,0x000000076ce0a310,0x0000000773780000)
  from space 1024K, 82% used [0x00000007b7f00000,0x00000007b7fd2950,0x00000007b8000000)
  to   space 1536K, 0% used [0x00000007b8000000,0x00000007b8000000,0x00000007b8180000)
 ParOldGen       total 175104K, used 21835K [0x00000006c0000000, 0x00000006cab00000, 0x000000076ab00000)
  object space 175104K, 12% used [0x00000006c0000000,0x00000006c1552e48,0x00000006cab00000)
 Metaspace       used 12378K, capacity 12520K, committed 12800K, reserved 1060864K
  class space    used 1465K, capacity 1506K, committed 1536K, reserved 1048576K
GC Heap History (10 events):
Event: 40.204 GC heap before
{Heap before GC invocations=59 (full 0):
 PSYoungGen      total 172544K, used 171807K [0x000000076ab00000, 0x00000007b8500000, 0x00000007c0000000)
  eden space 171520K, 99% used [0x000000076ab00000,0x000000077523fc68,0x0000000775280000)
  from space 1024K, 53% used [0x00000007b8400000,0x00000007b8488010,0x00000007b8500000)
  to   space 2048K, 0% used [0x00000007b8100000,0x00000007b8100000,0x00000007b8300000)
 ParOldGen       total 175104K, used 21603K [0x00000006c0000000, 0x00000006cab00000, 0x000000076ab00000)
  object space 175104K, 12% used [0x00000006c0000000,0x00000006c1518e48,0x00000006cab00000)
 Metaspace       used 12350K, capacity 12520K, committed 12800K, reserved 1060864K
  class space    used 1459K, capacity 1506K, committed 1536K, reserved 1048576K
Event: 40.205 GC heap after
Heap after GC invocations=59 (full 0):
 PSYoungGen      total 166400K, used 868K [0x000000076ab00000, 0x00000007b8480000, 0x00000007c0000000)
  eden space 165376K, 0% used [0x000000076ab00000,0x000000076ab00000,0x0000000774c80000)
  from space 1024K, 84% used [0x00000007b8100000,0x00000007b81d92d0,0x00000007b8200000)
  to   space 2048K, 0% used [0x00000007b8280000,0x00000007b8280000,0x00000007b8480000)
 ParOldGen       total 175104K, used 21651K [0x00000006c0000000, 0x00000006cab00000, 0x000000076ab00000)
  object space 175104K, 12% used [0x00000006c0000000,0x00000006c1524e48,0x00000006cab00000)
 Metaspace       used 12350K, capacity 12520K, committed 12800K, reserved 1060864K
  class space    used 1459K, capacity 1506K, committed 1536K, reserved 1048576K
}
Event: 40.421 GC heap before
{Heap before GC invocations=60 (full 0):
 PSYoungGen      total 166400K, used 166244K [0x000000076ab00000, 0x00000007b8480000, 0x00000007c0000000)
  eden space 165376K, 100% used [0x000000076ab00000,0x0000000774c80000,0x0000000774c80000)
  from space 1024K, 84% used [0x00000007b8100000,0x00000007b81d92d0,0x00000007b8200000)
  to   space 2048K, 0% used [0x00000007b8280000,0x00000007b8280000,0x00000007b8480000)
 ParOldGen       total 175104K, used 21651K [0x00000006c0000000, 0x00000006cab00000, 0x000000076ab00000)
  object space 175104K, 12% used [0x00000006c0000000,0x00000006c1524e48,0x00000006cab00000)
 Metaspace       used 12350K, capacity 12520K, committed 12800K, reserved 1060864K
  class space    used 1459K, capacity 1506K, committed 1536K, reserved 1048576K
Event: 40.422 GC heap after
Heap after GC invocations=60 (full 0):
 PSYoungGen      total 160768K, used 603K [0x000000076ab00000, 0x00000007b8380000, 0x00000007c0000000)
  eden space 159744K, 0% used [0x000000076ab00000,0x000000076ab00000,0x0000000774700000)
  from space 1024K, 58% used [0x00000007b8280000,0x00000007b8316c60,0x00000007b8380000)
  to   space 2048K, 0% used [0x00000007b7f80000,0x00000007b7f80000,0x00000007b8180000)
 ParOldGen       total 175104K, used 21715K [0x00000006c0000000, 0x00000006cab00000, 0x000000076ab00000)
  object space 175104K, 12% used [0x00000006c0000000,0x00000006c1534e48,0x00000006cab00000)
 Metaspace       used 12350K, capacity 12520K, committed 12800K, reserved 1060864K
  class space    used 1459K, capacity 1506K, committed 1536K, reserved 1048576K
}
Event: 40.612 GC heap before
{Heap before GC invocations=61 (full 0):
 PSYoungGen      total 160768K, used 160330K [0x000000076ab00000, 0x00000007b8380000, 0x00000007c0000000)
  eden space 159744K, 99% used [0x000000076ab00000,0x00000007746fbc88,0x0000000774700000)
  from space 1024K, 58% used [0x00000007b8280000,0x00000007b8316c60,0x00000007b8380000)
  to   space 2048K, 0% used [0x00000007b7f80000,0x00000007b7f80000,0x00000007b8180000)
 ParOldGen       total 175104K, used 21715K [0x00000006c0000000, 0x00000006cab00000, 0x000000076ab00000)
  object space 175104K, 12% used [0x00000006c0000000,0x00000006c1534e48,0x00000006cab00000)
 Metaspace       used 12350K, capacity 12520K, committed 12800K, reserved 1060864K
  class space    used 1459K, capacity 1506K, committed 1536K, reserved 1048576K
Event: 40.613 GC heap after
Heap after GC invocations=61 (full 0):
 PSYoungGen      total 154624K, used 256K [0x000000076ab00000, 0x00000007b8300000, 0x00000007c0000000)
  eden space 154112K, 0% used [0x000000076ab00000,0x000000076ab00000,0x0000000774180000)
  from space 512K, 50% used [0x00000007b7f80000,0x00000007b7fc0000,0x00000007b8000000)
  to   space 2048K, 0% used [0x00000007b8100000,0x00000007b8100000,0x00000007b8300000)
 ParOldGen       total 175104K, used 21771K [0x00000006c0000000, 0x00000006cab00000, 0x000000076ab00000)
  object space 175104K, 12% used [0x00000006c0000000,0x00000006c1542e48,0x00000006cab00000)
 Metaspace       used 12350K, capacity 12520K, committed 12800K, reserved 1060864K
  class space    used 1459K, capacity 1506K, committed 1536K, reserved 1048576K
}
Event: 40.793 GC heap before
{Heap before GC invocations=62 (full 0):
 PSYoungGen      total 154624K, used 154280K [0x000000076ab00000, 0x00000007b8300000, 0x00000007c0000000)
  eden space 154112K, 99% used [0x000000076ab00000,0x000000077416a1d0,0x0000000774180000)
  from space 512K, 50% used [0x00000007b7f80000,0x00000007b7fc0000,0x00000007b8000000)
  to   space 2048K, 0% used [0x00000007b8100000,0x00000007b8100000,0x00000007b8300000)
 ParOldGen       total 175104K, used 21771K [0x00000006c0000000, 0x00000006cab00000, 0x000000076ab00000)
  object space 175104K, 12% used [0x00000006c0000000,0x00000006c1542e48,0x00000006cab00000)
 Metaspace       used 12350K, capacity 12520K, committed 12800K, reserved 1060864K
  class space    used 1459K, capacity 1506K, committed 1536K, reserved 1048576K
Event: 40.794 GC heap after
Heap after GC invocations=62 (full 0):
 PSYoungGen      total 150016K, used 708K [0x000000076ab00000, 0x00000007b8200000, 0x00000007c0000000)
  eden space 148992K, 0% used [0x000000076ab00000,0x000000076ab00000,0x0000000773c80000)
  from space 1024K, 69% used [0x00000007b8100000,0x00000007b81b1230,0x00000007b8200000)
  to   space 1536K, 0% used [0x00000007b7f00000,0x00000007b7f00000,0x00000007b8080000)
 ParOldGen       total 175104K, used 21811K [0x00000006c0000000, 0x00000006cab00000, 0x000000076ab00000)
  object space 175104K, 12% used [0x00000006c0000000,0x00000006c154ce48,0x00000006cab00000)
 Metaspace       used 12350K, capacity 12520K, committed 12800K, reserved 1060864K
  class space    used 1459K, capacity 1506K, committed 1536K, reserved 1048576K
}
Event: 40.985 GC heap before
{Heap before GC invocations=63 (full 0):
 PSYoungGen      total 150016K, used 149314K [0x000000076ab00000, 0x00000007b8200000, 0x00000007c0000000)
  eden space 148992K, 99% used [0x000000076ab00000,0x0000000773c1f928,0x0000000773c80000)
  from space 1024K, 69% used [0x00000007b8100000,0x00000007b81b1230,0x00000007b8200000)
  to   space 1536K, 0% used [0x00000007b7f00000,0x00000007b7f00000,0x00000007b8080000)
 ParOldGen       total 175104K, used 21811K [0x00000006c0000000, 0x00000006cab00000, 0x000000076ab00000)
  object space 175104K, 12% used [0x00000006c0000000,0x00000006c154ce48,0x00000006cab00000)
 Metaspace       used 12350K, capacity 12520K, committed 12800K, reserved 1060864K
  class space    used 1459K, capacity 1506K, committed 1536K, reserved 1048576K
Event: 40.986 GC heap after
Heap after GC invocations=63 (full 0):
 PSYoungGen      total 144896K, used 842K [0x000000076ab00000, 0x00000007b8180000, 0x00000007c0000000)
  eden space 143872K, 0% used [0x000000076ab00000,0x000000076ab00000,0x0000000773780000)
  from space 1024K, 82% used [0x00000007b7f00000,0x00000007b7fd2950,0x00000007b8000000)
  to   space 1536K, 0% used [0x00000007b8000000,0x00000007b8000000,0x00000007b8180000)
 ParOldGen       total 175104K, used 21835K [0x00000006c0000000, 0x00000006cab00000, 0x000000076ab00000)
  object space 175104K, 12% used [0x00000006c0000000,0x00000006c1552e48,0x00000006cab00000)
 Metaspace       used 12350K, capacity 12520K, committed 12800K, reserved 1060864K
  class space    used 1459K, capacity 1506K, committed 1536K, reserved 1048576K
}

